<?xml version="1.0" encoding="utf-8"?><testsuites name="pytest tests"><testsuite name="pytest" errors="0" failures="0" skipped="0" tests="16" time="3.207" timestamp="2026-05-02T01:49:17.218827+00:00" hostname="agent-env-da8e52a9-d67e-48f2-aa78-82f7ebb516e6"><testcase classname="backend.tests.backend_test" name="test_root_health" time="0.188" /><testcase classname="backend.tests.backend_test" name="test_register_returns_user_and_token" time="0.276" /><testcase classname="backend.tests.backend_test" name="test_register_duplicate_email_400" time="0.045" /><testcase classname="backend.tests.backend_test" name="test_login_success" time="0.270" /><testcase classname="backend.tests.backend_test" name="test_login_invalid_creds_401" time="0.269" /><testcase classname="backend.tests.backend_test" name="test_me_requires_token" time="0.049" /><testcase classname="backend.tests.backend_test" name="test_me_returns_user" time="0.117" /><testcase classname="backend.tests.backend_test" name="test_settings_default_mochi_flavors" time="0.184" /><testcase classname="backend.tests.backend_test" name="test_settings_partial_update_persists" time="0.236" /><testcase classname="backend.tests.backend_test" name="test_settings_update_flavors" time="0.201" /><testcase classname="backend.tests.backend_test" name="test_create_batch_and_list_sorted_asc" time="0.280" /><testcase classname="backend.tests.backend_test" name="test_create_batch_sold_exceeds_baked_400" time="0.118" /><testcase classname="backend.tests.backend_test" name="test_create_batch_upsert_same_date" time="0.195" /><testcase classname="backend.tests.backend_test" name="test_delete_batch" time="0.216" /><testcase classname="backend.tests.backend_test" name="test_forecast_tomorrow_shape_and_conservative_factor" time="0.220" /><testcase classname="backend.tests.backend_test" name="test_stats_returns_totals_and_wow" time="0.128" /></testsuite></testsuites>