<?xml version="1.0" encoding="utf-8"?><testsuites name="pytest tests"><testsuite name="pytest" errors="0" failures="1" skipped="0" tests="12" time="4.505" timestamp="2026-05-02T02:29:11.882026+00:00" hostname="agent-env-da8e52a9-d67e-48f2-aa78-82f7ebb516e6"><testcase classname="backend.tests.test_v04_features" name="test_settings_has_closed_days_default_empty" time="0.568" /><testcase classname="backend.tests.test_v04_features" name="test_settings_put_closed_days_dedup_sort" time="0.193" /><testcase classname="backend.tests.test_v04_features" name="test_forecast_marks_closed_when_tomorrow_in_closed_days" time="0.205" /><testcase classname="backend.tests.test_v04_features" name="test_forecast_not_closed_when_weekday_not_in_closed_days" time="0.221" /><testcase classname="backend.tests.test_v04_features" name="test_profile_update_bakery_name_mirrors_to_settings" time="0.173" /><testcase classname="backend.tests.test_v04_features" name="test_profile_update_email_changes" time="0.161" /><testcase classname="backend.tests.test_v04_features" name="test_profile_update_duplicate_email_400" time="0.434" /><testcase classname="backend.tests.test_v04_features" name="test_profile_avatar_set_and_clear" time="0.162" /><testcase classname="backend.tests.test_v04_features" name="test_profile_avatar_too_large_413" time="0.223" /><testcase classname="backend.tests.test_v04_features" name="test_password_change_wrong_current_400" time="0.331" /><testcase classname="backend.tests.test_v04_features" name="test_password_change_success_and_new_login" time="1.721" /><testcase classname="backend.tests.test_v04_features" name="test_jwt_ttl_is_30_days" time="0.001"><failure message="AssertionError: Token TTL is 7.00 days, expected ~30&#10;assert 29.5 &lt;= 6.999949445525806">backend/tests/test_v04_features.py:173: in test_jwt_ttl_is_30_days
    assert 29.5 &lt;= remaining_days &lt;= 30.5, f"Token TTL is {remaining_days:.2f} days, expected ~30"
E   AssertionError: Token TTL is 7.00 days, expected ~30
E   assert 29.5 &lt;= 6.999949445525806</failure></testcase></testsuite></testsuites>